c:\users\gd_is\documents\image processing\hw2\dipcode_vc\iptool\iptool\x64\debug\vc142.pdb
c:\users\gd_is\documents\image processing\hw2\dipcode_vc\iptool\iptool\x64\debug\vc142.idb
c:\users\gd_is\documents\image processing\hw2\dipcode_vc\iptool\iptool\x64\debug\image.obj
c:\users\gd_is\documents\image processing\hw2\dipcode_vc\iptool\iptool\x64\debug\iptool.obj
c:\users\gd_is\documents\image processing\hw2\dipcode_vc\iptool\iptool\x64\debug\utility.obj
c:\users\gd_is\documents\image processing\hw2\dipcode_vc\iptool\x64\debug\iptool.exe
c:\users\gd_is\documents\image processing\hw2\dipcode_vc\iptool\x64\debug\iptool.ilk
c:\users\gd_is\documents\image processing\hw2\dipcode_vc\iptool\x64\debug\iptool.pdb
c:\users\gd_is\documents\image processing\hw2\dipcode_vc\iptool\iptool\x64\debug\iptool.obj.enc
c:\users\gd_is\documents\image processing\hw2\dipcode_vc\iptool\iptool\x64\debug\utility.obj.enc
c:\users\gd_is\documents\image processing\hw2\dipcode_vc\iptool\iptool\x64\debug\vc140.idb
c:\users\gd_is\documents\image processing\hw2\dipcode_vc\iptool\iptool\x64\debug\vc141.idb
c:\users\gd_is\documents\image processing\hw2\dipcode_vc\iptool\iptool\x64\debug\vc140.pdb
c:\users\gd_is\documents\image processing\hw2\dipcode_vc\iptool\iptool\x64\debug\vc141.pdb
c:\users\gd_is\documents\image processing\hw2\dipcode_vc\iptool\iptool\x64\debug\iptool.tlog\cl.command.1.tlog
c:\users\gd_is\documents\image processing\hw2\dipcode_vc\iptool\iptool\x64\debug\iptool.tlog\cl.read.1.tlog
c:\users\gd_is\documents\image processing\hw2\dipcode_vc\iptool\iptool\x64\debug\iptool.tlog\cl.write.1.tlog
c:\users\gd_is\documents\image processing\hw2\dipcode_vc\iptool\iptool\x64\debug\iptool.tlog\link.command.1.tlog
c:\users\gd_is\documents\image processing\hw2\dipcode_vc\iptool\iptool\x64\debug\iptool.tlog\link.read.1.tlog
c:\users\gd_is\documents\image processing\hw2\dipcode_vc\iptool\iptool\x64\debug\iptool.tlog\link.write.1.tlog
